This is pdfTeX, Version 3.1415926-1.40.10 (MiKTeX 2.8) (preloaded format=pdflatex 2010.9.2)  4 SEP 2010 17:51
entering extended mode
**C:/Users/epradmin/Documents/DeerAnalysis2010/tutorial2/tutorial.tex
(C:/Users/epradmin/Documents/DeerAnalysis2010/tutorial2/tutorial.tex
LaTeX2e <2009/09/24>
Babel <v3.8l> and hyphenation patterns for english, dumylang, nohyphenation, ge
rman, ngerman, german-x-2009-06-19, ngerman-x-2009-06-19, french, loaded.
("C:\Program Files (x86)\MiKTeX 2.8\tex\latex\base\article.cls"
Document Class: article 2007/10/19 v1.4h Standard LaTeX document class
("C:\Program Files (x86)\MiKTeX 2.8\tex\latex\base\size11.clo"
File: size11.clo 2007/10/19 v1.4h Standard LaTeX file (size option)
)
\c@part=\count79
\c@section=\count80
\c@subsection=\count81
\c@subsubsection=\count82
\c@paragraph=\count83
\c@subparagraph=\count84
\c@figure=\count85
\c@table=\count86
\abovecaptionskip=\skip41
\belowcaptionskip=\skip42
\bibindent=\dimen102
)
("C:\Program Files (x86)\MiKTeX 2.8\tex\latex\geometry\geometry.sty"
Package: geometry 2010/03/13 v5.3 Page Geometry

("C:\Program Files (x86)\MiKTeX 2.8\tex\latex\graphics\keyval.sty"
Package: keyval 1999/03/16 v1.13 key=value parser (DPC)
\KV@toks@=\toks14
)
("C:\Program Files (x86)\MiKTeX 2.8\tex\generic\oberdiek\ifpdf.sty"
Package: ifpdf 2010/01/28 v2.1 Provides the ifpdf switch (HO)
Package ifpdf Info: pdfTeX in pdf mode detected.
)
("C:\Program Files (x86)\MiKTeX 2.8\tex\generic\oberdiek\ifvtex.sty"
Package: ifvtex 2010/03/01 v1.5 Switches for detecting VTeX and its modes (HO)
Package ifvtex Info: VTeX not detected.
)
\Gm@cnth=\count87
\Gm@cntv=\count88
\c@Gm@tempcnt=\count89
\Gm@bindingoffset=\dimen103
\Gm@wd@mp=\dimen104
\Gm@odd@mp=\dimen105
\Gm@even@mp=\dimen106
\Gm@layoutwidth=\dimen107
\Gm@layoutheight=\dimen108
\Gm@layouthoffset=\dimen109
\Gm@layoutvoffset=\dimen110
\Gm@dimlist=\toks15

("C:\Program Files (x86)\MiKTeX 2.8\tex\latex\geometry\geometry.cfg"))
("C:\Program Files (x86)\MiKTeX 2.8\tex\latex\graphics\graphicx.sty"
Package: graphicx 1999/02/16 v1.0f Enhanced LaTeX Graphics (DPC,SPQR)

("C:\Program Files (x86)\MiKTeX 2.8\tex\latex\graphics\graphics.sty"
Package: graphics 2009/02/05 v1.0o Standard LaTeX Graphics (DPC,SPQR)

("C:\Program Files (x86)\MiKTeX 2.8\tex\latex\graphics\trig.sty"
Package: trig 1999/03/16 v1.09 sin cos tan (DPC)
)
("C:\Program Files (x86)\MiKTeX 2.8\tex\latex\00miktex\graphics.cfg"
File: graphics.cfg 2007/01/18 v1.5 graphics configuration of teTeX/TeXLive
)
Package graphics Info: Driver file: pdftex.def on input line 91.

("C:\Program Files (x86)\MiKTeX 2.8\tex\latex\pdftex-def\pdftex.def"
File: pdftex.def 2010/02/14 v0.04n Graphics/color for pdfTeX
\Gread@gobject=\count90
))
\Gin@req@height=\dimen111
\Gin@req@width=\dimen112
)
("C:\Program Files (x86)\MiKTeX 2.8\tex\latex\base\inputenc.sty"
Package: inputenc 2008/03/30 v1.1d Input encoding file
\inpenc@prehook=\toks16
\inpenc@posthook=\toks17

("C:\Program Files (x86)\MiKTeX 2.8\tex\latex\base\ansinew.def"
File: ansinew.def 2008/03/30 v1.1d Input encoding file
))
(C:\Users\epradmin\Documents\DeerAnalysis2010\tutorial2\tutorial.aux)
LaTeX Font Info:    Checking defaults for OML/cmm/m/it on input line 10.
LaTeX Font Info:    ... okay on input line 10.
LaTeX Font Info:    Checking defaults for T1/cmr/m/n on input line 10.
LaTeX Font Info:    ... okay on input line 10.
LaTeX Font Info:    Checking defaults for OT1/cmr/m/n on input line 10.
LaTeX Font Info:    ... okay on input line 10.
LaTeX Font Info:    Checking defaults for OMS/cmsy/m/n on input line 10.
LaTeX Font Info:    ... okay on input line 10.
LaTeX Font Info:    Checking defaults for OMX/cmex/m/n on input line 10.
LaTeX Font Info:    ... okay on input line 10.
LaTeX Font Info:    Checking defaults for U/cmr/m/n on input line 10.
LaTeX Font Info:    ... okay on input line 10.

*geometry* driver: auto-detecting
*geometry* detected driver: pdftex
*geometry* verbose mode - [ preamble ] result:
* driver: pdftex
* paper: a4paper
* layout: a4paper
* switch(es): 
* h-part:(L,W,R)=(71.13188pt, 455.24411pt, 71.13188pt)
* v-part:(T,H,B)=(71.13188pt, 702.78308pt, 71.13188pt)
* \paperwidth=597.50787pt
* \paperheight=845.04684pt
* \textwidth=455.24411pt
* \textheight=702.78308pt
* \oddsidemargin=-1.1381pt
* \evensidemargin=-1.1381pt
* \topmargin=-38.1381pt
* \headheight=12.0pt
* \headsep=25.0pt
* \footskip=30.0pt
* \marginparwidth=50.0pt
* \marginparsep=10.0pt
* \columnsep=10.0pt
* \skip\footins=10.0pt plus 4.0pt minus 2.0pt
* \hoffset=0.0pt
* \voffset=0.0pt
* \mag=1000
* \@twocolumnfalse
* \@twosidefalse
* \@mparswitchfalse
* \@reversemarginfalse
* (1in=72.27pt, 1cm=28.453pt)

("C:\Program Files (x86)\MiKTeX 2.8\tex\context\base\supp-pdf.tex"
[Loading MPS to PDF converter (version 2006.09.02).]
\scratchcounter=\count91
\scratchdimen=\dimen113
\scratchbox=\box26
\nofMPsegments=\count92
\nofMParguments=\count93
\everyMPshowfont=\toks18
\MPscratchCnt=\count94
\MPscratchDim=\dimen114
\MPnumerator=\count95
\everyMPtoPDFconversion=\toks19
)
LaTeX Font Info:    External font `cmex10' loaded for size
(Font)              <12> on input line 12.
LaTeX Font Info:    External font `cmex10' loaded for size
(Font)              <8> on input line 12.
LaTeX Font Info:    External font `cmex10' loaded for size
(Font)              <6> on input line 12.

Overfull \hbox (22.2158pt too wide) in paragraph at lines 12--12
 [][] 
 []

LaTeX Font Info:    Try loading font information for OMS+cmr on input line 25.
("C:\Program Files (x86)\MiKTeX 2.8\tex\latex\base\omscmr.fd"
File: omscmr.fd 1999/05/25 v2.5h Standard LaTeX font definitions
)
LaTeX Font Info:    Font shape `OMS/cmr/m/n' in size <10.95> not available
(Font)              Font shape `OMS/cmsy/m/n' tried instead on input line 25.
LaTeX Font Info:    External font `cmex10' loaded for size
(Font)              <10.95> on input line 26.
LaTeX Font Info:    External font `cmex10' loaded for size
(Font)              <9> on input line 26.
LaTeX Font Info:    External font `cmex10' loaded for size
(Font)              <5> on input line 26.

<figure1.pdf, id=1, 702.67291pt x 190.30469pt>
File: figure1.pdf Graphic file (type pdf)
 <use figure1.pdf> [1

{C:/ProgramData/MiKTeX/2.8/pdftex/config/pdftex.map}] [2 <C:/Users/epradmin/Doc
uments/DeerAnalysis2010/tutorial2/figure1.pdf>]
<figure2.pdf, id=42, 205.77135pt x 196.12302pt>
File: figure2.pdf Graphic file (type pdf)
 <use figure2.pdf>
<figure3.pdf, id=43, 215.80624pt x 194.7275pt>
File: figure3.pdf Graphic file (type pdf)
 <use figure3.pdf> [3 <C:/Users/epradmin/Documents/DeerAnalysis2010/tutorial2/f
igure2.pdf>]
<figure4.pdf, id=69, 458.726pt x 196.27267pt>
File: figure4.pdf Graphic file (type pdf)
 <use figure4.pdf> [4 <C:/Users/epradmin/Documents/DeerAnalysis2010/tutorial2/f
igure3.pdf> <C:/Users/epradmin/Documents/DeerAnalysis2010/tutorial2/figure4.pdf
>]
<figure5.pdf, id=102, 443.6575pt x 346.29375pt>
File: figure5.pdf Graphic file (type pdf)
 <use figure5.pdf> [5 <C:/Users/epradmin/Documents/DeerAnalysis2010/tutorial2/f
igure5.pdf>]
<figure6.pdf, id=117, 697.1627pt x 196.27267pt>
File: figure6.pdf Graphic file (type pdf)
 <use figure6.pdf> [6 <C:/Users/epradmin/Documents/DeerAnalysis2010/tutorial2/f
igure6.pdf>]
<figure7.pdf, id=142, 455.82637pt x 196.27267pt>
File: figure7.pdf Graphic file (type pdf)
 <use figure7.pdf>
<figure8.pdf, id=143, 455.82637pt x 196.27267pt>
File: figure8.pdf Graphic file (type pdf)
 <use figure8.pdf>
Overfull \hbox (9.32721pt too wide) in paragraph at lines 212--213
[]\OT1/cmr/m/n/10.95 Again fit the model \OT1/cmtt/m/n/10.95 Two[]Gaussians[]ho
m \OT1/cmr/m/n/10.95 us-ing the \OT1/cmtt/m/n/10.95 No correction as \OT1/cmr/b
x/n/10.95 Back-ground model\OT1/cmr/m/n/10.95 ,
 []

[7 <C:/Users/epradmin/Documents/DeerAnalysis2010/tutorial2/figure7.pdf>]
<figure9.pdf, id=169, 692.5875pt x 388.45125pt>
File: figure9.pdf Graphic file (type pdf)
 <use figure9.pdf> [8 <C:/Users/epradmin/Documents/DeerAnalysis2010/tutorial2/f
igure8.pdf>] [9 <C:/Users/epradmin/Documents/DeerAnalysis2010/tutorial2/figure9
.pdf>]
<figure10.pdf, id=208, 684.5575pt x 166.6225pt>
File: figure10.pdf Graphic file (type pdf)
 <use figure10.pdf> [10 <C:/Users/epradmin/Documents/DeerAnalysis2010/tutorial2
/figure10.pdf>]
<figure11.pdf, id=220, 665.59885pt x 196.27267pt>
File: figure11.pdf Graphic file (type pdf)
 <use figure11.pdf> [11 <C:/Users/epradmin/Documents/DeerAnalysis2010/tutorial2
/figure11.pdf>]
<figure12.pdf, id=246, 438.63875pt x 162.6075pt>
File: figure12.pdf Graphic file (type pdf)
 <use figure12.pdf> [12 <C:/Users/epradmin/Documents/DeerAnalysis2010/tutorial2
/figure12.pdf>]
<figure13.pdf, id=258, 663.47874pt x 162.6075pt>
File: figure13.pdf Graphic file (type pdf)
 <use figure13.pdf>
<figure14.pdf, id=259, 655.44875pt x 162.6075pt>
File: figure14.pdf Graphic file (type pdf)
 <use figure14.pdf> [13]
[14 <C:/Users/epradmin/Documents/DeerAnalysis2010/tutorial2/figure13.pdf> <C:/U
sers/epradmin/Documents/DeerAnalysis2010/tutorial2/figure14.pdf>]
<figure15.pdf, id=282, 708.57141pt x 209.96332pt>
File: figure15.pdf Graphic file (type pdf)
 <use figure15.pdf> [15]
[16 <C:/Users/epradmin/Documents/DeerAnalysis2010/tutorial2/figure15.pdf>]
[17] (C:\Users\epradmin\Documents\DeerAnalysis2010\tutorial2\tutorial.aux) ) 
Here is how much of TeX's memory you used:
 1565 strings out of 495285
 21491 string characters out of 3179870
 79880 words of memory out of 3000000
 4768 multiletter control sequences out of 15000+200000
 11404 words of font info for 40 fonts, out of 3000000 for 9000
 14 hyphenation exceptions out of 8191
 25i,8n,32p,1282b,257s stack positions out of 5000i,500n,10000p,200000b,50000s
<C:
/Program Files (x86)/MiKTeX 2.8/fonts/type1/public/amsfonts/cm/cmbx10.pfb><C:/P
rogram Files (x86)/MiKTeX 2.8/fonts/type1/public/amsfonts/cm/cmbx12.pfb><C:/Pro
gram Files (x86)/MiKTeX 2.8/fonts/type1/public/amsfonts/cm/cmbx9.pfb><C:/Progra
m Files (x86)/MiKTeX 2.8/fonts/type1/public/amsfonts/cm/cmmi10.pfb><C:/Program 
Files (x86)/MiKTeX 2.8/fonts/type1/public/amsfonts/cm/cmmi8.pfb><C:/Program Fil
es (x86)/MiKTeX 2.8/fonts/type1/public/amsfonts/cm/cmmi9.pfb><C:/Program Files 
(x86)/MiKTeX 2.8/fonts/type1/public/amsfonts/cm/cmr10.pfb><C:/Program Files (x8
6)/MiKTeX 2.8/fonts/type1/public/amsfonts/cm/cmr12.pfb><C:/Program Files (x86)/
MiKTeX 2.8/fonts/type1/public/amsfonts/cm/cmr17.pfb><C:/Program Files (x86)/MiK
TeX 2.8/fonts/type1/public/amsfonts/cm/cmr6.pfb><C:/Program Files (x86)/MiKTeX 
2.8/fonts/type1/public/amsfonts/cm/cmr8.pfb><C:/Program Files (x86)/MiKTeX 2.8/
fonts/type1/public/amsfonts/cm/cmr9.pfb><C:/Program Files (x86)/MiKTeX 2.8/font
s/type1/public/amsfonts/cm/cmsy10.pfb><C:/Program Files (x86)/MiKTeX 2.8/fonts/
type1/public/amsfonts/cm/cmsy8.pfb><C:/Program Files (x86)/MiKTeX 2.8/fonts/typ
e1/public/amsfonts/cm/cmti10.pfb><C:/Program Files (x86)/MiKTeX 2.8/fonts/type1
/public/amsfonts/cm/cmti12.pfb><C:/Program Files (x86)/MiKTeX 2.8/fonts/type1/p
ublic/amsfonts/cm/cmti9.pfb><C:/Program Files (x86)/MiKTeX 2.8/fonts/type1/publ
ic/amsfonts/cm/cmtt10.pfb><C:/Program Files (x86)/MiKTeX 2.8/fonts/type1/public
/amsfonts/cm/cmtt9.pfb>
Output written on tutorial.pdf (17 pages, 11542024 bytes).
PDF statistics:
 372 PDF objects out of 1000 (max. 8388607)
 0 named destinations out of 1000 (max. 500000)
 76 words of extra memory for PDF output out of 10000 (max. 10000000)

